mode: set
github.com/andikabahari/eoplatform/server/handler/bank_account_handler.go:21.66,26.2 1 1
github.com/andikabahari/eoplatform/server/handler/bank_account_handler.go:28.68,32.32 3 1
github.com/andikabahari/eoplatform/server/handler/bank_account_handler.go:39.2,45.4 3 1
github.com/andikabahari/eoplatform/server/handler/bank_account_handler.go:32.32,37.3 1 1
github.com/andikabahari/eoplatform/server/handler/bank_account_handler.go:48.70,52.32 3 1
github.com/andikabahari/eoplatform/server/handler/bank_account_handler.go:59.2,61.37 2 1
github.com/andikabahari/eoplatform/server/handler/bank_account_handler.go:65.2,65.39 1 1
github.com/andikabahari/eoplatform/server/handler/bank_account_handler.go:72.2,82.4 6 1
github.com/andikabahari/eoplatform/server/handler/bank_account_handler.go:52.32,57.3 1 1
github.com/andikabahari/eoplatform/server/handler/bank_account_handler.go:61.37,63.3 1 0
github.com/andikabahari/eoplatform/server/handler/bank_account_handler.go:65.39,70.3 1 1
github.com/andikabahari/eoplatform/server/handler/bank_account_handler.go:85.70,88.37 2 1
github.com/andikabahari/eoplatform/server/handler/bank_account_handler.go:92.2,92.39 1 1
github.com/andikabahari/eoplatform/server/handler/bank_account_handler.go:99.2,105.25 5 1
github.com/andikabahari/eoplatform/server/handler/bank_account_handler.go:112.2,117.4 2 1
github.com/andikabahari/eoplatform/server/handler/bank_account_handler.go:88.37,90.3 1 0
github.com/andikabahari/eoplatform/server/handler/bank_account_handler.go:92.39,97.3 1 1
github.com/andikabahari/eoplatform/server/handler/bank_account_handler.go:105.25,110.3 1 1
github.com/andikabahari/eoplatform/server/handler/feedback_handler.go:23.60,29.2 1 1
github.com/andikabahari/eoplatform/server/handler/feedback_handler.go:31.62,39.2 3 1
github.com/andikabahari/eoplatform/server/handler/feedback_handler.go:41.64,45.31 3 1
github.com/andikabahari/eoplatform/server/handler/feedback_handler.go:52.2,54.37 2 1
github.com/andikabahari/eoplatform/server/handler/feedback_handler.go:58.2,58.39 1 1
github.com/andikabahari/eoplatform/server/handler/feedback_handler.go:65.2,68.35 3 1
github.com/andikabahari/eoplatform/server/handler/feedback_handler.go:75.2,82.16 7 0
github.com/andikabahari/eoplatform/server/handler/feedback_handler.go:86.2,86.16 1 0
github.com/andikabahari/eoplatform/server/handler/feedback_handler.go:92.2,100.4 4 0
github.com/andikabahari/eoplatform/server/handler/feedback_handler.go:45.31,50.3 1 1
github.com/andikabahari/eoplatform/server/handler/feedback_handler.go:54.37,56.3 1 0
github.com/andikabahari/eoplatform/server/handler/feedback_handler.go:58.39,63.3 1 1
github.com/andikabahari/eoplatform/server/handler/feedback_handler.go:68.35,73.3 1 1
github.com/andikabahari/eoplatform/server/handler/feedback_handler.go:82.16,84.3 1 0
github.com/andikabahari/eoplatform/server/handler/feedback_handler.go:86.16,88.3 1 0
github.com/andikabahari/eoplatform/server/handler/feedback_handler.go:88.8,90.3 1 0
github.com/andikabahari/eoplatform/server/handler/hello_handler.go:14.54,16.2 1 1
github.com/andikabahari/eoplatform/server/handler/hello_handler.go:18.55,20.2 1 1
github.com/andikabahari/eoplatform/server/handler/login_handler.go:20.54,25.2 1 1
github.com/andikabahari/eoplatform/server/handler/login_handler.go:27.52,30.37 2 1
github.com/andikabahari/eoplatform/server/handler/login_handler.go:34.2,38.18 3 1
github.com/andikabahari/eoplatform/server/handler/login_handler.go:45.2,45.99 1 1
github.com/andikabahari/eoplatform/server/handler/login_handler.go:52.2,53.16 2 1
github.com/andikabahari/eoplatform/server/handler/login_handler.go:57.2,60.4 1 1
github.com/andikabahari/eoplatform/server/handler/login_handler.go:30.37,32.3 1 0
github.com/andikabahari/eoplatform/server/handler/login_handler.go:38.18,43.3 1 1
github.com/andikabahari/eoplatform/server/handler/login_handler.go:45.99,50.3 1 1
github.com/andikabahari/eoplatform/server/handler/login_handler.go:53.16,55.3 1 0
github.com/andikabahari/eoplatform/server/handler/order_handler.go:30.54,39.2 1 1
github.com/andikabahari/eoplatform/server/handler/order_handler.go:41.56,46.31 4 1
github.com/andikabahari/eoplatform/server/handler/order_handler.go:49.2,49.32 1 1
github.com/andikabahari/eoplatform/server/handler/order_handler.go:53.2,54.31 2 1
github.com/andikabahari/eoplatform/server/handler/order_handler.go:60.2,63.4 1 1
github.com/andikabahari/eoplatform/server/handler/order_handler.go:46.31,48.3 1 1
github.com/andikabahari/eoplatform/server/handler/order_handler.go:49.32,51.3 1 1
github.com/andikabahari/eoplatform/server/handler/order_handler.go:54.31,58.3 3 1
github.com/andikabahari/eoplatform/server/handler/order_handler.go:66.58,70.31 3 1
github.com/andikabahari/eoplatform/server/handler/order_handler.go:77.2,79.37 2 1
github.com/andikabahari/eoplatform/server/handler/order_handler.go:83.2,83.39 1 1
github.com/andikabahari/eoplatform/server/handler/order_handler.go:90.2,91.16 2 1
github.com/andikabahari/eoplatform/server/handler/order_handler.go:95.2,98.36 3 1
github.com/andikabahari/eoplatform/server/handler/order_handler.go:115.2,138.4 17 1
github.com/andikabahari/eoplatform/server/handler/order_handler.go:70.31,75.3 1 1
github.com/andikabahari/eoplatform/server/handler/order_handler.go:79.37,81.3 1 0
github.com/andikabahari/eoplatform/server/handler/order_handler.go:83.39,88.3 1 1
github.com/andikabahari/eoplatform/server/handler/order_handler.go:91.16,93.3 1 0
github.com/andikabahari/eoplatform/server/handler/order_handler.go:98.36,102.13 3 1
github.com/andikabahari/eoplatform/server/handler/order_handler.go:106.3,106.56 1 1
github.com/andikabahari/eoplatform/server/handler/order_handler.go:112.3,112.39 1 1
github.com/andikabahari/eoplatform/server/handler/order_handler.go:102.13,104.4 1 1
github.com/andikabahari/eoplatform/server/handler/order_handler.go:106.56,110.4 1 1
github.com/andikabahari/eoplatform/server/handler/order_handler.go:141.68,145.19 3 1
github.com/andikabahari/eoplatform/server/handler/order_handler.go:152.2,155.43 3 1
github.com/andikabahari/eoplatform/server/handler/order_handler.go:162.2,163.46 2 1
github.com/andikabahari/eoplatform/server/handler/order_handler.go:200.2,200.47 1 1
github.com/andikabahari/eoplatform/server/handler/order_handler.go:204.2,209.4 2 1
github.com/andikabahari/eoplatform/server/handler/order_handler.go:145.19,150.3 1 1
github.com/andikabahari/eoplatform/server/handler/order_handler.go:155.43,160.3 1 1
github.com/andikabahari/eoplatform/server/handler/order_handler.go:163.46,167.42 3 0
github.com/andikabahari/eoplatform/server/handler/order_handler.go:171.3,198.34 9 0
github.com/andikabahari/eoplatform/server/handler/order_handler.go:167.42,169.4 1 0
github.com/andikabahari/eoplatform/server/handler/order_handler.go:200.47,202.3 1 1
github.com/andikabahari/eoplatform/server/handler/order_handler.go:212.58,216.19 3 1
github.com/andikabahari/eoplatform/server/handler/order_handler.go:223.2,226.31 3 1
github.com/andikabahari/eoplatform/server/handler/order_handler.go:233.2,242.4 2 1
github.com/andikabahari/eoplatform/server/handler/order_handler.go:216.19,221.3 1 1
github.com/andikabahari/eoplatform/server/handler/order_handler.go:226.31,231.3 1 1
github.com/andikabahari/eoplatform/server/handler/order_handler.go:245.60,248.37 2 1
github.com/andikabahari/eoplatform/server/handler/order_handler.go:251.2,258.26 5 1
github.com/andikabahari/eoplatform/server/handler/order_handler.go:265.2,265.59 1 1
github.com/andikabahari/eoplatform/server/handler/order_handler.go:268.2,268.78 1 1
github.com/andikabahari/eoplatform/server/handler/order_handler.go:275.2,279.4 2 1
github.com/andikabahari/eoplatform/server/handler/order_handler.go:248.37,250.3 1 0
github.com/andikabahari/eoplatform/server/handler/order_handler.go:258.26,263.3 1 1
github.com/andikabahari/eoplatform/server/handler/order_handler.go:265.59,267.3 1 1
github.com/andikabahari/eoplatform/server/handler/order_handler.go:268.78,274.3 4 1
github.com/andikabahari/eoplatform/server/handler/register_handler.go:20.60,25.2 1 1
github.com/andikabahari/eoplatform/server/handler/register_handler.go:27.58,30.37 2 1
github.com/andikabahari/eoplatform/server/handler/register_handler.go:34.2,34.39 1 1
github.com/andikabahari/eoplatform/server/handler/register_handler.go:41.2,42.16 2 1
github.com/andikabahari/eoplatform/server/handler/register_handler.go:46.2,48.25 3 1
github.com/andikabahari/eoplatform/server/handler/register_handler.go:55.2,66.4 7 1
github.com/andikabahari/eoplatform/server/handler/register_handler.go:30.37,32.3 1 0
github.com/andikabahari/eoplatform/server/handler/register_handler.go:34.39,39.3 1 1
github.com/andikabahari/eoplatform/server/handler/register_handler.go:42.16,44.3 1 0
github.com/andikabahari/eoplatform/server/handler/register_handler.go:48.25,53.3 1 1
github.com/andikabahari/eoplatform/server/handler/service_handler.go:21.58,26.2 1 1
github.com/andikabahari/eoplatform/server/handler/service_handler.go:28.60,36.2 3 1
github.com/andikabahari/eoplatform/server/handler/service_handler.go:38.60,42.21 3 1
github.com/andikabahari/eoplatform/server/handler/service_handler.go:49.2,52.4 1 1
github.com/andikabahari/eoplatform/server/handler/service_handler.go:42.21,47.3 1 1
github.com/andikabahari/eoplatform/server/handler/service_handler.go:55.62,59.32 3 1
github.com/andikabahari/eoplatform/server/handler/service_handler.go:66.2,68.37 2 1
github.com/andikabahari/eoplatform/server/handler/service_handler.go:72.2,72.39 1 1
github.com/andikabahari/eoplatform/server/handler/service_handler.go:79.2,92.4 9 1
github.com/andikabahari/eoplatform/server/handler/service_handler.go:59.32,64.3 1 1
github.com/andikabahari/eoplatform/server/handler/service_handler.go:68.37,70.3 1 0
github.com/andikabahari/eoplatform/server/handler/service_handler.go:72.39,77.3 1 1
github.com/andikabahari/eoplatform/server/handler/service_handler.go:95.62,98.37 2 1
github.com/andikabahari/eoplatform/server/handler/service_handler.go:102.2,102.39 1 1
github.com/andikabahari/eoplatform/server/handler/service_handler.go:109.2,112.21 3 1
github.com/andikabahari/eoplatform/server/handler/service_handler.go:119.2,122.33 3 1
github.com/andikabahari/eoplatform/server/handler/service_handler.go:129.2,134.4 2 1
github.com/andikabahari/eoplatform/server/handler/service_handler.go:98.37,100.3 1 0
github.com/andikabahari/eoplatform/server/handler/service_handler.go:102.39,107.3 1 1
github.com/andikabahari/eoplatform/server/handler/service_handler.go:112.21,117.3 1 1
github.com/andikabahari/eoplatform/server/handler/service_handler.go:122.33,127.3 1 1
github.com/andikabahari/eoplatform/server/handler/service_handler.go:137.62,141.21 3 1
github.com/andikabahari/eoplatform/server/handler/service_handler.go:148.2,151.33 3 1
github.com/andikabahari/eoplatform/server/handler/service_handler.go:158.2,167.4 2 1
github.com/andikabahari/eoplatform/server/handler/service_handler.go:141.21,146.3 1 1
github.com/andikabahari/eoplatform/server/handler/service_handler.go:151.33,156.3 1 1
github.com/andikabahari/eoplatform/server/handler/account_handler.go:22.58,27.2 1 1
github.com/andikabahari/eoplatform/server/handler/account_handler.go:29.59,36.18 5 1
github.com/andikabahari/eoplatform/server/handler/account_handler.go:43.2,46.4 1 1
github.com/andikabahari/eoplatform/server/handler/account_handler.go:36.18,41.3 1 1
github.com/andikabahari/eoplatform/server/handler/account_handler.go:49.62,52.37 2 1
github.com/andikabahari/eoplatform/server/handler/account_handler.go:56.2,56.39 1 1
github.com/andikabahari/eoplatform/server/handler/account_handler.go:63.2,69.18 5 1
github.com/andikabahari/eoplatform/server/handler/account_handler.go:76.2,81.4 2 1
github.com/andikabahari/eoplatform/server/handler/account_handler.go:52.37,54.3 1 0
github.com/andikabahari/eoplatform/server/handler/account_handler.go:56.39,61.3 1 1
github.com/andikabahari/eoplatform/server/handler/account_handler.go:69.18,74.3 1 1
github.com/andikabahari/eoplatform/server/handler/account_handler.go:84.62,87.37 2 1
github.com/andikabahari/eoplatform/server/handler/account_handler.go:91.2,91.39 1 1
github.com/andikabahari/eoplatform/server/handler/account_handler.go:98.2,98.41 1 1
github.com/andikabahari/eoplatform/server/handler/account_handler.go:107.2,113.18 5 1
github.com/andikabahari/eoplatform/server/handler/account_handler.go:120.2,120.102 1 1
github.com/andikabahari/eoplatform/server/handler/account_handler.go:127.2,128.16 2 1
github.com/andikabahari/eoplatform/server/handler/account_handler.go:132.2,141.4 2 1
github.com/andikabahari/eoplatform/server/handler/account_handler.go:87.37,89.3 1 0
github.com/andikabahari/eoplatform/server/handler/account_handler.go:91.39,96.3 1 1
github.com/andikabahari/eoplatform/server/handler/account_handler.go:98.41,105.3 1 1
github.com/andikabahari/eoplatform/server/handler/account_handler.go:113.18,118.3 1 1
github.com/andikabahari/eoplatform/server/handler/account_handler.go:120.102,125.3 1 1
github.com/andikabahari/eoplatform/server/handler/account_handler.go:128.16,130.3 1 0
